2019-06-07 10:59:38.563075 TimerQueue create, timerfd: 5
2019-06-07 10:59:38.563109 adding channel 1 fd 5 events 0 epoll 4
2019-06-07 10:59:38.563121 updating channel 1 fd 5 events 3 epoll 4
2019-06-07 10:59:38.563131 EventLoop created 0x7ffd2ab54720
2019-06-07 10:59:38.563137 adding channel 2 fd 6 events 0 epoll 4
2019-06-07 10:59:38.563143 updating channel 2 fd 6 events 3 epoll 4
2019-06-07 10:59:38.563157 Event loop 0x7ffd2ab54720 start looping
2019-06-07 10:59:38.563163 fd total count 2
2019-06-07 10:59:38.564021 1 events happend
2019-06-07 10:59:38.564060 channel id = 1, fd = 5IN 
2019-06-07 10:59:38.564073 TimerQueue::HandleRead() 1 at 2019-06-07 10:59:38.564068
2019-06-07 10:59:38.564083 TimerQueue::HandleRead total count 1, now: 2019-06-07 10:59:38.564068
2019-06-07 10:59:38.564180 DoPendingFunctors
2019-06-07 10:59:38.564194 fd total count 2
2019-06-07 10:59:39.564729 1 events happend
2019-06-07 10:59:39.564798 channel id = 1, fd = 5IN 
2019-06-07 10:59:39.564824 TimerQueue::HandleRead() 1 at 2019-06-07 10:59:39.564816
2019-06-07 10:59:39.564843 TimerQueue::HandleRead total count 1, now: 2019-06-07 10:59:39.564816
2019-06-07 10:59:39.564899 DoPendingFunctors
2019-06-07 10:59:39.564913 fd total count 2
2019-06-07 10:59:40.565527 1 events happend
2019-06-07 10:59:40.565558 channel id = 1, fd = 5IN 
2019-06-07 10:59:40.565567 TimerQueue::HandleRead() 1 at 2019-06-07 10:59:40.565564
2019-06-07 10:59:40.565573 TimerQueue::HandleRead total count 1, now: 2019-06-07 10:59:40.565564
2019-06-07 10:59:40.565597 DoPendingFunctors
2019-06-07 10:59:40.565602 fd total count 2
2019-06-07 10:59:41.566685 1 events happend
2019-06-07 10:59:41.566768 channel id = 1, fd = 5IN 
2019-06-07 10:59:41.566807 TimerQueue::HandleRead() 1 at 2019-06-07 10:59:41.566794
2019-06-07 10:59:41.566847 TimerQueue::HandleRead total count 1, now: 2019-06-07 10:59:41.566794
2019-06-07 10:59:41.566976 DoPendingFunctors
2019-06-07 10:59:41.567006 fd total count 2
2019-06-07 10:59:42.567240 1 events happend
2019-06-07 10:59:42.567314 channel id = 1, fd = 5IN 
2019-06-07 10:59:42.567340 TimerQueue::HandleRead() 1 at 2019-06-07 10:59:42.567331
2019-06-07 10:59:42.567361 TimerQueue::HandleRead total count 1, now: 2019-06-07 10:59:42.567331
2019-06-07 10:59:42.567481 DoPendingFunctors
2019-06-07 10:59:42.567505 fd total count 2
2019-06-07 10:59:43.568685 1 events happend
2019-06-07 10:59:43.568712 channel id = 1, fd = 5IN 
2019-06-07 10:59:43.568719 TimerQueue::HandleRead() 1 at 2019-06-07 10:59:43.568716
2019-06-07 10:59:43.568724 TimerQueue::HandleRead total count 1, now: 2019-06-07 10:59:43.568716
2019-06-07 10:59:43.568757 DoPendingFunctors
2019-06-07 10:59:43.568762 fd total count 2
2019-06-07 10:59:44.570026 1 events happend
2019-06-07 10:59:44.570103 channel id = 1, fd = 5IN 
2019-06-07 10:59:44.570130 TimerQueue::HandleRead() 1 at 2019-06-07 10:59:44.570121
2019-06-07 10:59:44.570150 TimerQueue::HandleRead total count 1, now: 2019-06-07 10:59:44.570121
2019-06-07 10:59:44.570267 DoPendingFunctors
2019-06-07 10:59:44.570295 fd total count 2
